<?xml version="1.0" encoding="UTF-8"?>
<testsuite name="com.bl.cricketleagueanalysis.CricketLeagueAnalysisTest" tests="4" skipped="0" failures="0" errors="0" timestamp="2020-05-11T10:12:14" hostname="SWAPNIKA" time="2.176">
  <properties/>
  <testcase name="callSortMethod_WithoutLoadData_ShouldHandleException" classname="com.bl.cricketleagueanalysis.CricketLeagueAnalysisTest" time="0.025"/>
  <testcase name="givenRightFile_ButUsedDefaultConstructor_ShouldHandleException" classname="com.bl.cricketleagueanalysis.CricketLeagueAnalysisTest" time="0.003"/>
  <testcase name="givenWrongCSVFile_ShouldHandleException" classname="com.bl.cricketleagueanalysis.CricketLeagueAnalysisTest" time="0.02"/>
  <testcase name="givenMostRunsCSVFile_ReturnsTopBattingAverage" classname="com.bl.cricketleagueanalysis.CricketLeagueAnalysisTest" time="2.123"/>
  <system-out><![CDATA[]]></system-out>
  <system-err><![CDATA[]]></system-err>
</testsuite>
